# JRE version: OpenJDK Runtime Environment Microsoft-10376486 (17.0.13+11) (build 17.0.13+11-LTS)
# Java VM: OpenJDK 64-Bit Server VM Microsoft-10376486 (17.0.13+11-LTS, mixed mode, sharing, tiered, compressed oops, compressed class ptrs, g1 gc, windows-amd64)
GC Precious Log:
 CPUs: 16 total, 16 available
 Memory: 16147M
 Large Page Support: Disabled
 NUMA Support: Disabled
 Compressed Oops: Enabled (32-bit)
 Heap Region Size: 1M
 Heap Min Capacity: 8M
 Heap Initial Capacity: 254M
 Heap Max Capacity: 2G
 Pre-touch: Disabled
 Parallel Workers: 13
 Concurrent Workers: 3
 Concurrent Refinement Workers: 13
 Periodic GC: Disabled
Heap:
 garbage-first heap   total 135168K, used 79641K [0x0000000080000000, 0x0000000100000000)
  region size 1024K, 16 young (16384K), 6 survivors (6144K)
 Metaspace       used 77403K, committed 78208K, reserved 557056K
  class space    used 10971K, committed 11328K, reserved 425984K
GC Heap History (20 events):
Event: 9.216 GC heap before
{Heap before GC invocations=18 (full 0):
 garbage-first heap   total 103424K, used 88440K [0x0000000080000000, 0x0000000100000000)
  region size 1024K, 44 young (45056K), 6 survivors (6144K)
 Metaspace       used 61000K, committed 61632K, reserved 491520K
  class space    used 8547K, committed 8832K, reserved 425984K
}
Event: 9.222 GC heap after
{Heap after GC invocations=19 (full 0):
 garbage-first heap   total 103424K, used 54091K [0x0000000080000000, 0x0000000100000000)
  region size 1024K, 6 young (6144K), 6 survivors (6144K)
 Metaspace       used 61000K, committed 61632K, reserved 491520K
  class space    used 8547K, committed 8832K, reserved 425984K
}
Event: 9.408 GC heap before
{Heap before GC invocations=19 (full 0):
 garbage-first heap   total 103424K, used 56139K [0x0000000080000000, 0x0000000100000000)
  region size 1024K, 9 young (9216K), 6 survivors (6144K)
 Metaspace       used 61123K, committed 61824K, reserved 491520K
  class space    used 8568K, committed 8896K, reserved 425984K
}
Event: 9.413 GC heap after
{Heap after GC invocations=20 (full 0):
 garbage-first heap   total 103424K, used 55098K [0x0000000080000000, 0x0000000100000000)
  region size 1024K, 2 young (2048K), 2 survivors (2048K)
 Metaspace       used 61123K, committed 61824K, reserved 491520K
  class space    used 8568K, committed 8896K, reserved 425984K
}
Event: 10.148 GC heap before
{Heap before GC invocations=21 (full 0):
 garbage-first heap   total 103424K, used 85818K [0x0000000080000000, 0x0000000100000000)
  region size 1024K, 30 young (30720K), 2 survivors (2048K)
 Metaspace       used 63886K, committed 64576K, reserved 491520K
  class space    used 8946K, committed 9280K, reserved 425984K
}
Event: 10.152 GC heap after
{Heap after GC invocations=22 (full 0):
 garbage-first heap   total 103424K, used 57767K [0x0000000080000000, 0x0000000100000000)
  region size 1024K, 2 young (2048K), 2 survivors (2048K)
 Metaspace       used 63886K, committed 64576K, reserved 491520K
  class space    used 8946K, committed 9280K, reserved 425984K
}
Event: 10.482 GC heap before
{Heap before GC invocations=22 (full 0):
 garbage-first heap   total 103424K, used 84391K [0x0000000080000000, 0x0000000100000000)
  region size 1024K, 29 young (29696K), 2 survivors (2048K)
 Metaspace       used 65751K, committed 66496K, reserved 491520K
  class space    used 9187K, committed 9536K, reserved 425984K
}
Event: 10.485 GC heap after
{Heap after GC invocations=23 (full 0):
 garbage-first heap   total 103424K, used 58754K [0x0000000080000000, 0x0000000100000000)
  region size 1024K, 3 young (3072K), 3 survivors (3072K)
 Metaspace       used 65751K, committed 66496K, reserved 491520K
  class space    used 9187K, committed 9536K, reserved 425984K
}
Event: 10.997 GC heap before
{Heap before GC invocations=24 (full 0):
 garbage-first heap   total 106496K, used 86402K [0x0000000080000000, 0x0000000100000000)
  region size 1024K, 30 young (30720K), 3 survivors (3072K)
 Metaspace       used 68192K, committed 68928K, reserved 491520K
  class space    used 9582K, committed 9920K, reserved 425984K
}
Event: 11.001 GC heap after
{Heap after GC invocations=25 (full 0):
 garbage-first heap   total 106496K, used 59639K [0x0000000080000000, 0x0000000100000000)
  region size 1024K, 3 young (3072K), 3 survivors (3072K)
 Metaspace       used 68192K, committed 68928K, reserved 491520K
  class space    used 9582K, committed 9920K, reserved 425984K
}
Event: 11.332 GC heap before
{Heap before GC invocations=25 (full 0):
 garbage-first heap   total 106496K, used 70903K [0x0000000080000000, 0x0000000100000000)
  region size 1024K, 15 young (15360K), 3 survivors (3072K)
 Metaspace       used 68892K, committed 69632K, reserved 491520K
  class space    used 9709K, committed 10048K, reserved 425984K
}
Event: 11.335 GC heap after
{Heap after GC invocations=26 (full 0):
 garbage-first heap   total 106496K, used 59964K [0x0000000080000000, 0x0000000100000000)
  region size 1024K, 3 young (3072K), 3 survivors (3072K)
 Metaspace       used 68892K, committed 69632K, reserved 491520K
  class space    used 9709K, committed 10048K, reserved 425984K
}
Event: 11.630 GC heap before
{Heap before GC invocations=27 (full 0):
 garbage-first heap   total 112640K, used 91708K [0x0000000080000000, 0x0000000100000000)
  region size 1024K, 31 young (31744K), 3 survivors (3072K)
 Metaspace       used 70357K, committed 71040K, reserved 491520K
  class space    used 9933K, committed 10240K, reserved 425984K
}
Event: 11.633 GC heap after
{Heap after GC invocations=28 (full 0):
 garbage-first heap   total 112640K, used 64557K [0x0000000080000000, 0x0000000100000000)
  region size 1024K, 3 young (3072K), 3 survivors (3072K)
 Metaspace       used 70357K, committed 71040K, reserved 491520K
  class space    used 9933K, committed 10240K, reserved 425984K
}
Event: 12.714 GC heap before
{Heap before GC invocations=28 (full 0):
 garbage-first heap   total 112640K, used 94253K [0x0000000080000000, 0x0000000100000000)
  region size 1024K, 32 young (32768K), 3 survivors (3072K)
 Metaspace       used 71723K, committed 72512K, reserved 491520K
  class space    used 10126K, committed 10496K, reserved 425984K
}
Event: 12.717 GC heap after
{Heap after GC invocations=29 (full 0):
 garbage-first heap   total 135168K, used 65950K [0x0000000080000000, 0x0000000100000000)
  region size 1024K, 4 young (4096K), 4 survivors (4096K)
 Metaspace       used 71723K, committed 72512K, reserved 491520K
  class space    used 10126K, committed 10496K, reserved 425984K
}
Event: 14.156 GC heap before
{Heap before GC invocations=30 (full 0):
 garbage-first heap   total 135168K, used 107934K [0x0000000080000000, 0x0000000100000000)
  region size 1024K, 45 young (46080K), 4 survivors (4096K)
 Metaspace       used 73744K, committed 74496K, reserved 491520K
  class space    used 10408K, committed 10752K, reserved 425984K
}
Event: 14.162 GC heap after
{Heap after GC invocations=31 (full 0):
 garbage-first heap   total 135168K, used 68649K [0x0000000080000000, 0x0000000100000000)
  region size 1024K, 6 young (6144K), 6 survivors (6144K)
 Metaspace       used 73744K, committed 74496K, reserved 491520K
  class space    used 10408K, committed 10752K, reserved 425984K
}
Event: 14.891 GC heap before
{Heap before GC invocations=31 (full 0):
 garbage-first heap   total 135168K, used 108585K [0x0000000080000000, 0x0000000100000000)
  region size 1024K, 46 young (47104K), 6 survivors (6144K)
 Metaspace       used 77052K, committed 77888K, reserved 557056K
  class space    used 10919K, committed 11328K, reserved 425984K
}
Event: 14.899 GC heap after
{Heap after GC invocations=32 (full 0):
 garbage-first heap   total 135168K, used 71449K [0x0000000080000000, 0x0000000100000000)
  region size 1024K, 6 young (6144K), 6 survivors (6144K)
 Metaspace       used 77052K, committed 77888K, reserved 557056K
  class space    used 10919K, committed 11328K, reserved 425984K
}

